# JRE version: OpenJDK Runtime Environment Temurin-17.0.4.1+1 (17.0.4.1+1) (build 17.0.4.1+1)
# Java VM: OpenJDK 64-Bit Server VM Temurin-17.0.4.1+1 (17.0.4.1+1, mixed mode, emulated-client, tiered, compressed oops, compressed class ptrs, g1 gc, windows-amd64)
GC Precious Log:
 CPUs: 4 total, 4 available
 Memory: 8126M
 Large Page Support: Disabled
 NUMA Support: Disabled
 Compressed Oops: Enabled (32-bit)
 Heap Region Size: 1M
 Heap Min Capacity: 8M
 Heap Initial Capacity: 128M
 Heap Max Capacity: 2032M
 Pre-touch: Disabled
 Parallel Workers: 4
 Concurrent Workers: 1
 Concurrent Refinement Workers: 4
 Periodic GC: Disabled
Heap:
 garbage-first heap   total 131072K, used 66871K [0x0000000081000000, 0x0000000100000000)
  region size 1024K, 1 young (1024K), 1 survivors (1024K)
 Metaspace       used 36937K, committed 37248K, reserved 1081344K
  class space    used 4792K, committed 4928K, reserved 1048576K
GC Heap History (20 events):
Event: 5.811 GC heap after
{Heap after GC invocations=9 (full 0):
 garbage-first heap   total 61440K, used 21555K [0x0000000081000000, 0x0000000100000000)
  region size 1024K, 3 young (3072K), 3 survivors (3072K)
 Metaspace       used 33334K, committed 33600K, reserved 1081344K
  class space    used 4235K, committed 4352K, reserved 1048576K
}
Event: 6.000 GC heap before
{Heap before GC invocations=9 (full 0):
 garbage-first heap   total 61440K, used 43059K [0x0000000081000000, 0x0000000100000000)
  region size 1024K, 25 young (25600K), 3 survivors (3072K)
 Metaspace       used 33688K, committed 33984K, reserved 1081344K
  class space    used 4290K, committed 4416K, reserved 1048576K
}
Event: 6.007 GC heap after
{Heap after GC invocations=10 (full 0):
 garbage-first heap   total 61440K, used 26118K [0x0000000081000000, 0x0000000100000000)
  region size 1024K, 4 young (4096K), 4 survivors (4096K)
 Metaspace       used 33688K, committed 33984K, reserved 1081344K
  class space    used 4290K, committed 4416K, reserved 1048576K
}
Event: 6.119 GC heap before
{Heap before GC invocations=10 (full 0):
 garbage-first heap   total 61440K, used 44550K [0x0000000081000000, 0x0000000100000000)
  region size 1024K, 22 young (22528K), 4 survivors (4096K)
 Metaspace       used 34144K, committed 34496K, reserved 1081344K
  class space    used 4352K, committed 4544K, reserved 1048576K
}
Event: 6.125 GC heap after
{Heap after GC invocations=11 (full 0):
 garbage-first heap   total 61440K, used 29509K [0x0000000081000000, 0x0000000100000000)
  region size 1024K, 3 young (3072K), 3 survivors (3072K)
 Metaspace       used 34144K, committed 34496K, reserved 1081344K
  class space    used 4352K, committed 4544K, reserved 1048576K
}
Event: 6.192 GC heap before
{Heap before GC invocations=11 (full 0):
 garbage-first heap   total 61440K, used 45893K [0x0000000081000000, 0x0000000100000000)
  region size 1024K, 19 young (19456K), 3 survivors (3072K)
 Metaspace       used 34368K, committed 34688K, reserved 1081344K
  class space    used 4389K, committed 4544K, reserved 1048576K
}
Event: 6.198 GC heap after
{Heap after GC invocations=12 (full 0):
 garbage-first heap   total 61440K, used 32772K [0x0000000081000000, 0x0000000100000000)
  region size 1024K, 3 young (3072K), 3 survivors (3072K)
 Metaspace       used 34368K, committed 34688K, reserved 1081344K
  class space    used 4389K, committed 4544K, reserved 1048576K
}
Event: 6.278 GC heap before
{Heap before GC invocations=12 (full 0):
 garbage-first heap   total 61440K, used 47108K [0x0000000081000000, 0x0000000100000000)
  region size 1024K, 17 young (17408K), 3 survivors (3072K)
 Metaspace       used 34615K, committed 35008K, reserved 1081344K
  class space    used 4422K, committed 4608K, reserved 1048576K
}
Event: 6.284 GC heap after
{Heap after GC invocations=13 (full 0):
 garbage-first heap   total 96256K, used 35354K [0x0000000081000000, 0x0000000100000000)
  region size 1024K, 3 young (3072K), 3 survivors (3072K)
 Metaspace       used 34615K, committed 35008K, reserved 1081344K
  class space    used 4422K, committed 4608K, reserved 1048576K
}
Event: 6.446 GC heap before
{Heap before GC invocations=14 (full 0):
 garbage-first heap   total 96256K, used 69146K [0x0000000081000000, 0x0000000100000000)
  region size 1024K, 37 young (37888K), 3 survivors (3072K)
 Metaspace       used 34872K, committed 35264K, reserved 1081344K
  class space    used 4471K, committed 4672K, reserved 1048576K
}
Event: 6.461 GC heap after
{Heap after GC invocations=15 (full 0):
 garbage-first heap   total 96256K, used 44083K [0x0000000081000000, 0x0000000100000000)
  region size 1024K, 5 young (5120K), 5 survivors (5120K)
 Metaspace       used 34872K, committed 35264K, reserved 1081344K
  class space    used 4471K, committed 4672K, reserved 1048576K
}
Event: 6.464 GC heap before
{Heap before GC invocations=15 (full 0):
 garbage-first heap   total 96256K, used 45107K [0x0000000081000000, 0x0000000100000000)
  region size 1024K, 6 young (6144K), 5 survivors (5120K)
 Metaspace       used 34873K, committed 35264K, reserved 1081344K
  class space    used 4471K, committed 4672K, reserved 1048576K
}
Event: 6.472 GC heap after
{Heap after GC invocations=16 (full 0):
 garbage-first heap   total 96256K, used 45638K [0x0000000081000000, 0x0000000100000000)
  region size 1024K, 1 young (1024K), 1 survivors (1024K)
 Metaspace       used 34873K, committed 35264K, reserved 1081344K
  class space    used 4471K, committed 4672K, reserved 1048576K
}
Event: 7.115 GC heap before
{Heap before GC invocations=16 (full 0):
 garbage-first heap   total 96256K, used 70214K [0x0000000081000000, 0x0000000100000000)
  region size 1024K, 26 young (26624K), 1 survivors (1024K)
 Metaspace       used 36592K, committed 36928K, reserved 1081344K
  class space    used 4763K, committed 4928K, reserved 1048576K
}
Event: 7.124 GC heap after
{Heap after GC invocations=17 (full 0):
 garbage-first heap   total 96256K, used 49958K [0x0000000081000000, 0x0000000100000000)
  region size 1024K, 4 young (4096K), 4 survivors (4096K)
 Metaspace       used 36592K, committed 36928K, reserved 1081344K
  class space    used 4763K, committed 4928K, reserved 1048576K
}
Event: 7.271 GC heap before
{Heap before GC invocations=17 (full 0):
 garbage-first heap   total 117760K, used 73510K [0x0000000081000000, 0x0000000100000000)
  region size 1024K, 26 young (26624K), 4 survivors (4096K)
 Metaspace       used 36833K, committed 37120K, reserved 1081344K
  class space    used 4779K, committed 4928K, reserved 1048576K
}
Event: 7.300 GC heap after
{Heap after GC invocations=18 (full 0):
 garbage-first heap   total 117760K, used 63855K [0x0000000081000000, 0x0000000100000000)
  region size 1024K, 4 young (4096K), 4 survivors (4096K)
 Metaspace       used 36833K, committed 37120K, reserved 1081344K
  class space    used 4779K, committed 4928K, reserved 1048576K
}
Event: 7.346 GC heap before
{Heap before GC invocations=19 (full 0):
 garbage-first heap   total 117760K, used 84335K [0x0000000081000000, 0x0000000100000000)
  region size 1024K, 25 young (25600K), 4 survivors (4096K)
 Metaspace       used 36937K, committed 37248K, reserved 1081344K
  class space    used 4792K, committed 4928K, reserved 1048576K
}
Event: 7.354 GC heap after
{Heap after GC invocations=20 (full 0):
 garbage-first heap   total 117760K, used 66946K [0x0000000081000000, 0x0000000100000000)
  region size 1024K, 2 young (2048K), 2 survivors (2048K)
 Metaspace       used 36937K, committed 37248K, reserved 1081344K
  class space    used 4792K, committed 4928K, reserved 1048576K
}
Event: 7.359 GC heap before
{Heap before GC invocations=20 (full 0):
 garbage-first heap   total 117760K, used 68994K [0x0000000081000000, 0x0000000100000000)
  region size 1024K, 5 young (5120K), 2 survivors (2048K)
 Metaspace       used 36937K, committed 37248K, reserved 1081344K
  class space    used 4792K, committed 4928K, reserved 1048576K
}

