# JRE version: OpenJDK Runtime Environment Temurin-17.0.4.1+1 (17.0.4.1+1) (build 17.0.4.1+1)
# Java VM: OpenJDK 64-Bit Server VM Temurin-17.0.4.1+1 (17.0.4.1+1, mixed mode, emulated-client, tiered, compressed oops, compressed class ptrs, g1 gc, windows-amd64)
GC Precious Log:
 CPUs: 4 total, 4 available
 Memory: 8126M
 Large Page Support: Disabled
 NUMA Support: Disabled
 Compressed Oops: Enabled (32-bit)
 Heap Region Size: 1M
 Heap Min Capacity: 8M
 Heap Initial Capacity: 128M
 Heap Max Capacity: 2032M
 Pre-touch: Disabled
 Parallel Workers: 4
 Concurrent Workers: 1
 Concurrent Refinement Workers: 4
 Periodic GC: Disabled
Heap:
 garbage-first heap   total 119808K, used 39059K [0x0000000081000000, 0x0000000100000000)
  region size 1024K, 1 young (1024K), 0 survivors (0K)
 Metaspace       used 53847K, committed 54272K, reserved 1097728K
  class space    used 7137K, committed 7296K, reserved 1048576K
GC Heap History (20 events):
Event: 4616.854 GC heap before
{Heap before GC invocations=438 (full 398):
 garbage-first heap   total 119808K, used 39059K [0x0000000081000000, 0x0000000100000000)
  region size 1024K, 1 young (1024K), 0 survivors (0K)
 Metaspace       used 53847K, committed 54272K, reserved 1097728K
  class space    used 7137K, committed 7296K, reserved 1048576K
}
Event: 4616.986 GC heap after
{Heap after GC invocations=439 (full 399):
 garbage-first heap   total 119808K, used 39059K [0x0000000081000000, 0x0000000100000000)
  region size 1024K, 0 young (0K), 0 survivors (0K)
 Metaspace       used 53847K, committed 54272K, reserved 1097728K
  class space    used 7137K, committed 7296K, reserved 1048576K
}
Event: 4627.932 GC heap before
{Heap before GC invocations=439 (full 399):
 garbage-first heap   total 119808K, used 39059K [0x0000000081000000, 0x0000000100000000)
  region size 1024K, 1 young (1024K), 0 survivors (0K)
 Metaspace       used 53847K, committed 54272K, reserved 1097728K
  class space    used 7137K, committed 7296K, reserved 1048576K
}
Event: 4628.004 GC heap after
{Heap after GC invocations=440 (full 400):
 garbage-first heap   total 119808K, used 39059K [0x0000000081000000, 0x0000000100000000)
  region size 1024K, 0 young (0K), 0 survivors (0K)
 Metaspace       used 53847K, committed 54272K, reserved 1097728K
  class space    used 7137K, committed 7296K, reserved 1048576K
}
Event: 4638.490 GC heap before
{Heap before GC invocations=440 (full 400):
 garbage-first heap   total 119808K, used 39059K [0x0000000081000000, 0x0000000100000000)
  region size 1024K, 1 young (1024K), 0 survivors (0K)
 Metaspace       used 53847K, committed 54272K, reserved 1097728K
  class space    used 7137K, committed 7296K, reserved 1048576K
}
Event: 4638.572 GC heap after
{Heap after GC invocations=441 (full 401):
 garbage-first heap   total 119808K, used 39059K [0x0000000081000000, 0x0000000100000000)
  region size 1024K, 0 young (0K), 0 survivors (0K)
 Metaspace       used 53847K, committed 54272K, reserved 1097728K
  class space    used 7137K, committed 7296K, reserved 1048576K
}
Event: 4649.058 GC heap before
{Heap before GC invocations=441 (full 401):
 garbage-first heap   total 119808K, used 39059K [0x0000000081000000, 0x0000000100000000)
  region size 1024K, 1 young (1024K), 0 survivors (0K)
 Metaspace       used 53847K, committed 54272K, reserved 1097728K
  class space    used 7137K, committed 7296K, reserved 1048576K
}
Event: 4649.118 GC heap after
{Heap after GC invocations=442 (full 402):
 garbage-first heap   total 119808K, used 39059K [0x0000000081000000, 0x0000000100000000)
  region size 1024K, 0 young (0K), 0 survivors (0K)
 Metaspace       used 53847K, committed 54272K, reserved 1097728K
  class space    used 7137K, committed 7296K, reserved 1048576K
}
Event: 4659.860 GC heap before
{Heap before GC invocations=442 (full 402):
 garbage-first heap   total 119808K, used 39059K [0x0000000081000000, 0x0000000100000000)
  region size 1024K, 1 young (1024K), 0 survivors (0K)
 Metaspace       used 53847K, committed 54272K, reserved 1097728K
  class space    used 7137K, committed 7296K, reserved 1048576K
}
Event: 4659.930 GC heap after
{Heap after GC invocations=443 (full 403):
 garbage-first heap   total 119808K, used 39059K [0x0000000081000000, 0x0000000100000000)
  region size 1024K, 0 young (0K), 0 survivors (0K)
 Metaspace       used 53847K, committed 54272K, reserved 1097728K
  class space    used 7137K, committed 7296K, reserved 1048576K
}
Event: 4670.705 GC heap before
{Heap before GC invocations=443 (full 403):
 garbage-first heap   total 119808K, used 39059K [0x0000000081000000, 0x0000000100000000)
  region size 1024K, 1 young (1024K), 0 survivors (0K)
 Metaspace       used 53847K, committed 54272K, reserved 1097728K
  class space    used 7137K, committed 7296K, reserved 1048576K
}
Event: 4670.785 GC heap after
{Heap after GC invocations=444 (full 404):
 garbage-first heap   total 119808K, used 39059K [0x0000000081000000, 0x0000000100000000)
  region size 1024K, 0 young (0K), 0 survivors (0K)
 Metaspace       used 53847K, committed 54272K, reserved 1097728K
  class space    used 7137K, committed 7296K, reserved 1048576K
}
Event: 4681.251 GC heap before
{Heap before GC invocations=444 (full 404):
 garbage-first heap   total 119808K, used 39059K [0x0000000081000000, 0x0000000100000000)
  region size 1024K, 1 young (1024K), 0 survivors (0K)
 Metaspace       used 53847K, committed 54272K, reserved 1097728K
  class space    used 7137K, committed 7296K, reserved 1048576K
}
Event: 4681.307 GC heap after
{Heap after GC invocations=445 (full 405):
 garbage-first heap   total 119808K, used 39059K [0x0000000081000000, 0x0000000100000000)
  region size 1024K, 0 young (0K), 0 survivors (0K)
 Metaspace       used 53847K, committed 54272K, reserved 1097728K
  class space    used 7137K, committed 7296K, reserved 1048576K
}
Event: 4691.788 GC heap before
{Heap before GC invocations=445 (full 405):
 garbage-first heap   total 119808K, used 39059K [0x0000000081000000, 0x0000000100000000)
  region size 1024K, 1 young (1024K), 0 survivors (0K)
 Metaspace       used 53847K, committed 54272K, reserved 1097728K
  class space    used 7137K, committed 7296K, reserved 1048576K
}
Event: 4691.845 GC heap after
{Heap after GC invocations=446 (full 406):
 garbage-first heap   total 119808K, used 39059K [0x0000000081000000, 0x0000000100000000)
  region size 1024K, 0 young (0K), 0 survivors (0K)
 Metaspace       used 53847K, committed 54272K, reserved 1097728K
  class space    used 7137K, committed 7296K, reserved 1048576K
}
Event: 4702.756 GC heap before
{Heap before GC invocations=446 (full 406):
 garbage-first heap   total 119808K, used 39059K [0x0000000081000000, 0x0000000100000000)
  region size 1024K, 1 young (1024K), 0 survivors (0K)
 Metaspace       used 53847K, committed 54272K, reserved 1097728K
  class space    used 7137K, committed 7296K, reserved 1048576K
}
Event: 4702.831 GC heap after
{Heap after GC invocations=447 (full 407):
 garbage-first heap   total 119808K, used 39059K [0x0000000081000000, 0x0000000100000000)
  region size 1024K, 0 young (0K), 0 survivors (0K)
 Metaspace       used 53847K, committed 54272K, reserved 1097728K
  class space    used 7137K, committed 7296K, reserved 1048576K
}
Event: 4713.472 GC heap before
{Heap before GC invocations=447 (full 407):
 garbage-first heap   total 119808K, used 39059K [0x0000000081000000, 0x0000000100000000)
  region size 1024K, 1 young (1024K), 0 survivors (0K)
 Metaspace       used 53847K, committed 54272K, reserved 1097728K
  class space    used 7137K, committed 7296K, reserved 1048576K
}
Event: 4713.531 GC heap after
{Heap after GC invocations=448 (full 408):
 garbage-first heap   total 119808K, used 39059K [0x0000000081000000, 0x0000000100000000)
  region size 1024K, 0 young (0K), 0 survivors (0K)
 Metaspace       used 53847K, committed 54272K, reserved 1097728K
  class space    used 7137K, committed 7296K, reserved 1048576K
}

