# JRE version: OpenJDK Runtime Environment Temurin-17.0.4.1+1 (17.0.4.1+1) (build 17.0.4.1+1)
# Java VM: OpenJDK 64-Bit Server VM Temurin-17.0.4.1+1 (17.0.4.1+1, mixed mode, emulated-client, tiered, compressed oops, compressed class ptrs, g1 gc, windows-amd64)
GC Precious Log:
 CPUs: 4 total, 4 available
 Memory: 8126M
 Large Page Support: Disabled
 NUMA Support: Disabled
 Compressed Oops: Enabled (32-bit)
 Heap Region Size: 1M
 Heap Min Capacity: 8M
 Heap Initial Capacity: 128M
 Heap Max Capacity: 2032M
 Pre-touch: Disabled
 Parallel Workers: 4
 Concurrent Workers: 1
 Concurrent Refinement Workers: 4
 Periodic GC: Disabled
Heap:
 garbage-first heap   total 224256K, used 78348K [0x0000000081000000, 0x0000000100000000)
  region size 1024K, 8 young (8192K), 8 survivors (8192K)
 Metaspace       used 36692K, committed 36992K, reserved 1081344K
  class space    used 4781K, committed 4928K, reserved 1048576K
GC Heap History (20 events):
Event: 6.725 GC heap after
{Heap after GC invocations=14 (full 0):
 garbage-first heap   total 91136K, used 34037K [0x0000000081000000, 0x0000000100000000)
  region size 1024K, 2 young (2048K), 2 survivors (2048K)
 Metaspace       used 34703K, committed 35072K, reserved 1081344K
  class space    used 4435K, committed 4608K, reserved 1048576K
}
Event: 6.887 GC heap before
{Heap before GC invocations=15 (full 0):
 garbage-first heap   total 91136K, used 65781K [0x0000000081000000, 0x0000000100000000)
  region size 1024K, 33 young (33792K), 2 survivors (2048K)
 Metaspace       used 35349K, committed 35712K, reserved 1081344K
  class space    used 4555K, committed 4736K, reserved 1048576K
}
Event: 6.897 GC heap after
{Heap after GC invocations=16 (full 0):
 garbage-first heap   total 91136K, used 39375K [0x0000000081000000, 0x0000000100000000)
  region size 1024K, 5 young (5120K), 5 survivors (5120K)
 Metaspace       used 35349K, committed 35712K, reserved 1081344K
  class space    used 4555K, committed 4736K, reserved 1048576K
}
Event: 6.901 GC heap before
{Heap before GC invocations=16 (full 0):
 garbage-first heap   total 91136K, used 40399K [0x0000000081000000, 0x0000000100000000)
  region size 1024K, 6 young (6144K), 5 survivors (5120K)
 Metaspace       used 35357K, committed 35712K, reserved 1081344K
  class space    used 4557K, committed 4736K, reserved 1048576K
}
Event: 6.907 GC heap after
{Heap after GC invocations=17 (full 0):
 garbage-first heap   total 91136K, used 40683K [0x0000000081000000, 0x0000000100000000)
  region size 1024K, 1 young (1024K), 1 survivors (1024K)
 Metaspace       used 35357K, committed 35712K, reserved 1081344K
  class space    used 4557K, committed 4736K, reserved 1048576K
}
Event: 7.451 GC heap before
{Heap before GC invocations=17 (full 0):
 garbage-first heap   total 91136K, used 67307K [0x0000000081000000, 0x0000000100000000)
  region size 1024K, 27 young (27648K), 1 survivors (1024K)
 Metaspace       used 36321K, committed 36672K, reserved 1081344K
  class space    used 4745K, committed 4928K, reserved 1048576K
}
Event: 7.462 GC heap after
{Heap after GC invocations=18 (full 0):
 garbage-first heap   total 91136K, used 48026K [0x0000000081000000, 0x0000000100000000)
  region size 1024K, 4 young (4096K), 4 survivors (4096K)
 Metaspace       used 36321K, committed 36672K, reserved 1081344K
  class space    used 4745K, committed 4928K, reserved 1048576K
}
Event: 7.542 GC heap before
{Heap before GC invocations=18 (full 0):
 garbage-first heap   total 91136K, used 52122K [0x0000000081000000, 0x0000000100000000)
  region size 1024K, 10 young (10240K), 4 survivors (4096K)
 Metaspace       used 36401K, committed 36736K, reserved 1081344K
  class space    used 4753K, committed 4928K, reserved 1048576K
}
Event: 7.551 GC heap after
{Heap after GC invocations=19 (full 0):
 garbage-first heap   total 91136K, used 50530K [0x0000000081000000, 0x0000000100000000)
  region size 1024K, 3 young (3072K), 3 survivors (3072K)
 Metaspace       used 36401K, committed 36736K, reserved 1081344K
  class space    used 4753K, committed 4928K, reserved 1048576K
}
Event: 7.652 GC heap before
{Heap before GC invocations=19 (full 0):
 garbage-first heap   total 91136K, used 69986K [0x0000000081000000, 0x0000000100000000)
  region size 1024K, 21 young (21504K), 3 survivors (3072K)
 Metaspace       used 36482K, committed 36800K, reserved 1081344K
  class space    used 4755K, committed 4928K, reserved 1048576K
}
Event: 7.671 GC heap after
{Heap after GC invocations=20 (full 0):
 garbage-first heap   total 224256K, used 61631K [0x0000000081000000, 0x0000000100000000)
  region size 1024K, 3 young (3072K), 3 survivors (3072K)
 Metaspace       used 36482K, committed 36800K, reserved 1081344K
  class space    used 4755K, committed 4928K, reserved 1048576K
}
Event: 7.825 GC heap before
{Heap before GC invocations=21 (full 0):
 garbage-first heap   total 215040K, used 146623K [0x0000000081000000, 0x0000000100000000)
  region size 1024K, 87 young (89088K), 3 survivors (3072K)
 Metaspace       used 36674K, committed 36992K, reserved 1081344K
  class space    used 4779K, committed 4928K, reserved 1048576K
}
Event: 7.851 GC heap after
{Heap after GC invocations=22 (full 0):
 garbage-first heap   total 215040K, used 67594K [0x0000000081000000, 0x0000000100000000)
  region size 1024K, 9 young (9216K), 9 survivors (9216K)
 Metaspace       used 36674K, committed 36992K, reserved 1081344K
  class space    used 4779K, committed 4928K, reserved 1048576K
}
Event: 7.852 GC heap before
{Heap before GC invocations=22 (full 0):
 garbage-first heap   total 215040K, used 68618K [0x0000000081000000, 0x0000000100000000)
  region size 1024K, 10 young (10240K), 9 survivors (9216K)
 Metaspace       used 36674K, committed 36992K, reserved 1081344K
  class space    used 4779K, committed 4928K, reserved 1048576K
}
Event: 7.871 GC heap after
{Heap after GC invocations=23 (full 0):
 garbage-first heap   total 215040K, used 68610K [0x0000000081000000, 0x0000000100000000)
  region size 1024K, 2 young (2048K), 2 survivors (2048K)
 Metaspace       used 36674K, committed 36992K, reserved 1081344K
  class space    used 4779K, committed 4928K, reserved 1048576K
}
Event: 7.915 GC heap before
{Heap before GC invocations=23 (full 0):
 garbage-first heap   total 215040K, used 153602K [0x0000000081000000, 0x0000000100000000)
  region size 1024K, 86 young (88064K), 2 survivors (2048K)
 Metaspace       used 36674K, committed 36992K, reserved 1081344K
  class space    used 4779K, committed 4928K, reserved 1048576K
}
Event: 7.919 GC heap after
{Heap after GC invocations=24 (full 0):
 garbage-first heap   total 215040K, used 71031K [0x0000000081000000, 0x0000000100000000)
  region size 1024K, 4 young (4096K), 4 survivors (4096K)
 Metaspace       used 36674K, committed 36992K, reserved 1081344K
  class space    used 4779K, committed 4928K, reserved 1048576K
}
Event: 7.983 GC heap before
{Heap before GC invocations=24 (full 0):
 garbage-first heap   total 215040K, used 157047K [0x0000000081000000, 0x0000000100000000)
  region size 1024K, 89 young (91136K), 4 survivors (4096K)
 Metaspace       used 36674K, committed 36992K, reserved 1081344K
  class space    used 4779K, committed 4928K, reserved 1048576K
}
Event: 7.990 GC heap after
{Heap after GC invocations=25 (full 0):
 garbage-first heap   total 215040K, used 75016K [0x0000000081000000, 0x0000000100000000)
  region size 1024K, 8 young (8192K), 8 survivors (8192K)
 Metaspace       used 36674K, committed 36992K, reserved 1081344K
  class space    used 4779K, committed 4928K, reserved 1048576K
}
Event: 8.038 GC heap before
{Heap before GC invocations=25 (full 0):
 garbage-first heap   total 215040K, used 167176K [0x0000000081000000, 0x0000000100000000)
  region size 1024K, 99 young (101376K), 8 survivors (8192K)
 Metaspace       used 36692K, committed 36992K, reserved 1081344K
  class space    used 4781K, committed 4928K, reserved 1048576K
}

