# JRE version: OpenJDK Runtime Environment Temurin-17.0.4.1+1 (17.0.4.1+1) (build 17.0.4.1+1)
# Java VM: OpenJDK 64-Bit Server VM Temurin-17.0.4.1+1 (17.0.4.1+1, mixed mode, emulated-client, tiered, compressed oops, compressed class ptrs, g1 gc, windows-amd64)
GC Precious Log:
 CPUs: 4 total, 4 available
 Memory: 8126M
 Large Page Support: Disabled
 NUMA Support: Disabled
 Compressed Oops: Enabled (32-bit)
 Heap Region Size: 1M
 Heap Min Capacity: 8M
 Heap Initial Capacity: 128M
 Heap Max Capacity: 2032M
 Pre-touch: Disabled
 Parallel Workers: 4
 Concurrent Workers: 1
 Concurrent Refinement Workers: 4
 Periodic GC: Disabled
Heap:
 garbage-first heap   total 182272K, used 72359K [0x0000000081000000, 0x0000000100000000)
  region size 1024K, 7 young (7168K), 7 survivors (7168K)
 Metaspace       used 36519K, committed 36864K, reserved 1081344K
  class space    used 4768K, committed 4928K, reserved 1048576K
GC Heap History (20 events):
Event: 7.755 GC heap after
{Heap after GC invocations=13 (full 0):
 garbage-first heap   total 77824K, used 32995K [0x0000000081000000, 0x0000000100000000)
  region size 1024K, 2 young (2048K), 2 survivors (2048K)
 Metaspace       used 34264K, committed 34560K, reserved 1081344K
  class space    used 4372K, committed 4544K, reserved 1048576K
}
Event: 7.892 GC heap before
{Heap before GC invocations=14 (full 0):
 garbage-first heap   total 77824K, used 55523K [0x0000000081000000, 0x0000000100000000)
  region size 1024K, 25 young (25600K), 2 survivors (2048K)
 Metaspace       used 34520K, committed 34880K, reserved 1081344K
  class space    used 4417K, committed 4608K, reserved 1048576K
}
Event: 7.902 GC heap after
{Heap after GC invocations=15 (full 0):
 garbage-first heap   total 77824K, used 36249K [0x0000000081000000, 0x0000000100000000)
  region size 1024K, 4 young (4096K), 4 survivors (4096K)
 Metaspace       used 34520K, committed 34880K, reserved 1081344K
  class space    used 4417K, committed 4608K, reserved 1048576K
}
Event: 8.000 GC heap before
{Heap before GC invocations=15 (full 0):
 garbage-first heap   total 77824K, used 56729K [0x0000000081000000, 0x0000000100000000)
  region size 1024K, 25 young (25600K), 4 survivors (4096K)
 Metaspace       used 34676K, committed 35072K, reserved 1081344K
  class space    used 4440K, committed 4608K, reserved 1048576K
}
Event: 8.010 GC heap after
{Heap after GC invocations=16 (full 0):
 garbage-first heap   total 77824K, used 41029K [0x0000000081000000, 0x0000000100000000)
  region size 1024K, 4 young (4096K), 4 survivors (4096K)
 Metaspace       used 34676K, committed 35072K, reserved 1081344K
  class space    used 4440K, committed 4608K, reserved 1048576K
}
Event: 8.342 GC heap before
{Heap before GC invocations=16 (full 0):
 garbage-first heap   total 77824K, used 57413K [0x0000000081000000, 0x0000000100000000)
  region size 1024K, 21 young (21504K), 4 survivors (4096K)
 Metaspace       used 35352K, committed 35712K, reserved 1081344K
  class space    used 4556K, committed 4736K, reserved 1048576K
}
Event: 8.362 GC heap after
{Heap after GC invocations=17 (full 0):
 garbage-first heap   total 77824K, used 47416K [0x0000000081000000, 0x0000000100000000)
  region size 1024K, 3 young (3072K), 3 survivors (3072K)
 Metaspace       used 35352K, committed 35712K, reserved 1081344K
  class space    used 4556K, committed 4736K, reserved 1048576K
}
Event: 9.039 GC heap before
{Heap before GC invocations=18 (full 0):
 garbage-first heap   total 86016K, used 59704K [0x0000000081000000, 0x0000000100000000)
  region size 1024K, 15 young (15360K), 3 survivors (3072K)
 Metaspace       used 36202K, committed 36544K, reserved 1081344K
  class space    used 4731K, committed 4928K, reserved 1048576K
}
Event: 9.047 GC heap after
{Heap after GC invocations=19 (full 0):
 garbage-first heap   total 86016K, used 49817K [0x0000000081000000, 0x0000000100000000)
  region size 1024K, 2 young (2048K), 2 survivors (2048K)
 Metaspace       used 36202K, committed 36544K, reserved 1081344K
  class space    used 4731K, committed 4928K, reserved 1048576K
}
Event: 9.060 GC heap before
{Heap before GC invocations=19 (full 0):
 garbage-first heap   total 86016K, used 51865K [0x0000000081000000, 0x0000000100000000)
  region size 1024K, 4 young (4096K), 2 survivors (2048K)
 Metaspace       used 36205K, committed 36544K, reserved 1081344K
  class space    used 4731K, committed 4928K, reserved 1048576K
}
Event: 9.064 GC heap after
{Heap after GC invocations=20 (full 0):
 garbage-first heap   total 86016K, used 50071K [0x0000000081000000, 0x0000000100000000)
  region size 1024K, 1 young (1024K), 1 survivors (1024K)
 Metaspace       used 36205K, committed 36544K, reserved 1081344K
  class space    used 4731K, committed 4928K, reserved 1048576K
}
Event: 9.200 GC heap before
{Heap before GC invocations=20 (full 0):
 garbage-first heap   total 86016K, used 51095K [0x0000000081000000, 0x0000000100000000)
  region size 1024K, 3 young (3072K), 1 survivors (1024K)
 Metaspace       used 36289K, committed 36608K, reserved 1081344K
  class space    used 4742K, committed 4928K, reserved 1048576K
}
Event: 9.205 GC heap after
{Heap after GC invocations=21 (full 0):
 garbage-first heap   total 182272K, used 50665K [0x0000000081000000, 0x0000000100000000)
  region size 1024K, 2 young (2048K), 2 survivors (2048K)
 Metaspace       used 36289K, committed 36608K, reserved 1081344K
  class space    used 4742K, committed 4928K, reserved 1048576K
}
Event: 9.519 GC heap before
{Heap before GC invocations=21 (full 0):
 garbage-first heap   total 182272K, used 104937K [0x0000000081000000, 0x0000000100000000)
  region size 1024K, 54 young (55296K), 2 survivors (2048K)
 Metaspace       used 36402K, committed 36736K, reserved 1081344K
  class space    used 4754K, committed 4928K, reserved 1048576K
}
Event: 9.548 GC heap after
{Heap after GC invocations=22 (full 0):
 garbage-first heap   total 182272K, used 65651K [0x0000000081000000, 0x0000000100000000)
  region size 1024K, 7 young (7168K), 7 survivors (7168K)
 Metaspace       used 36402K, committed 36736K, reserved 1081344K
  class space    used 4754K, committed 4928K, reserved 1048576K
}
Event: 9.580 GC heap before
{Heap before GC invocations=22 (full 0):
 garbage-first heap   total 182272K, used 110707K [0x0000000081000000, 0x0000000100000000)
  region size 1024K, 52 young (53248K), 7 survivors (7168K)
 Metaspace       used 36496K, committed 36800K, reserved 1081344K
  class space    used 4764K, committed 4928K, reserved 1048576K
}
Event: 9.588 GC heap after
{Heap after GC invocations=23 (full 0):
 garbage-first heap   total 182272K, used 68082K [0x0000000081000000, 0x0000000100000000)
  region size 1024K, 2 young (2048K), 2 survivors (2048K)
 Metaspace       used 36496K, committed 36800K, reserved 1081344K
  class space    used 4764K, committed 4928K, reserved 1048576K
}
Event: 9.628 GC heap before
{Heap before GC invocations=23 (full 0):
 garbage-first heap   total 182272K, used 116210K [0x0000000081000000, 0x0000000100000000)
  region size 1024K, 50 young (51200K), 2 survivors (2048K)
 Metaspace       used 36519K, committed 36864K, reserved 1081344K
  class space    used 4768K, committed 4928K, reserved 1048576K
}
Event: 9.631 GC heap after
{Heap after GC invocations=24 (full 0):
 garbage-first heap   total 182272K, used 70130K [0x0000000081000000, 0x0000000100000000)
  region size 1024K, 4 young (4096K), 4 survivors (4096K)
 Metaspace       used 36519K, committed 36864K, reserved 1081344K
  class space    used 4768K, committed 4928K, reserved 1048576K
}
Event: 9.690 GC heap before
{Heap before GC invocations=24 (full 0):
 garbage-first heap   total 182272K, used 123378K [0x0000000081000000, 0x0000000100000000)
  region size 1024K, 57 young (58368K), 4 survivors (4096K)
 Metaspace       used 36519K, committed 36864K, reserved 1081344K
  class space    used 4768K, committed 4928K, reserved 1048576K
}

