# JRE version: OpenJDK Runtime Environment Temurin-17.0.4.1+1 (17.0.4.1+1) (build 17.0.4.1+1)
# Java VM: OpenJDK 64-Bit Server VM Temurin-17.0.4.1+1 (17.0.4.1+1, mixed mode, emulated-client, tiered, compressed oops, compressed class ptrs, g1 gc, windows-amd64)
GC Precious Log:
 CPUs: 4 total, 4 available
 Memory: 8126M
 Large Page Support: Disabled
 NUMA Support: Disabled
 Compressed Oops: Enabled (32-bit)
 Heap Region Size: 1M
 Heap Min Capacity: 8M
 Heap Initial Capacity: 128M
 Heap Max Capacity: 2032M
 Pre-touch: Disabled
 Parallel Workers: 4
 Concurrent Workers: 1
 Concurrent Refinement Workers: 4
 Periodic GC: Disabled
Heap:
 garbage-first heap   total 242688K, used 78747K [0x0000000081000000, 0x0000000100000000)
  region size 1024K, 8 young (8192K), 8 survivors (8192K)
 Metaspace       used 36315K, committed 36608K, reserved 1081344K
  class space    used 4735K, committed 4864K, reserved 1048576K
GC Heap History (20 events):
Event: 53.183 GC heap after
{Heap after GC invocations=17 (full 0):
 garbage-first heap   total 80896K, used 34986K [0x0000000081000000, 0x0000000100000000)
  region size 1024K, 3 young (3072K), 3 survivors (3072K)
 Metaspace       used 34450K, committed 34816K, reserved 1081344K
  class space    used 4400K, committed 4544K, reserved 1048576K
}
Event: 53.282 GC heap before
{Heap before GC invocations=18 (full 0):
 garbage-first heap   total 80896K, used 60586K [0x0000000081000000, 0x0000000100000000)
  region size 1024K, 28 young (28672K), 3 survivors (3072K)
 Metaspace       used 34465K, committed 34816K, reserved 1081344K
  class space    used 4402K, committed 4544K, reserved 1048576K
}
Event: 53.293 GC heap after
{Heap after GC invocations=19 (full 0):
 garbage-first heap   total 80896K, used 41570K [0x0000000081000000, 0x0000000100000000)
  region size 1024K, 4 young (4096K), 4 survivors (4096K)
 Metaspace       used 34465K, committed 34816K, reserved 1081344K
  class space    used 4402K, committed 4544K, reserved 1048576K
}
Event: 53.295 GC heap before
{Heap before GC invocations=19 (full 0):
 garbage-first heap   total 80896K, used 42594K [0x0000000081000000, 0x0000000100000000)
  region size 1024K, 5 young (5120K), 4 survivors (4096K)
 Metaspace       used 34467K, committed 34816K, reserved 1081344K
  class space    used 4402K, committed 4544K, reserved 1048576K
}
Event: 53.302 GC heap after
{Heap after GC invocations=20 (full 0):
 garbage-first heap   total 80896K, used 42646K [0x0000000081000000, 0x0000000100000000)
  region size 1024K, 1 young (1024K), 1 survivors (1024K)
 Metaspace       used 34467K, committed 34816K, reserved 1081344K
  class space    used 4402K, committed 4544K, reserved 1048576K
}
Event: 53.922 GC heap before
{Heap before GC invocations=20 (full 0):
 garbage-first heap   total 80896K, used 60054K [0x0000000081000000, 0x0000000100000000)
  region size 1024K, 19 young (19456K), 1 survivors (1024K)
 Metaspace       used 35237K, committed 35584K, reserved 1081344K
  class space    used 4525K, committed 4672K, reserved 1048576K
}
Event: 53.932 GC heap after
{Heap after GC invocations=21 (full 0):
 garbage-first heap   total 242688K, used 46999K [0x0000000081000000, 0x0000000100000000)
  region size 1024K, 3 young (3072K), 3 survivors (3072K)
 Metaspace       used 35237K, committed 35584K, reserved 1081344K
  class space    used 4525K, committed 4672K, reserved 1048576K
}
Event: 54.569 GC heap before
{Heap before GC invocations=22 (full 0):
 garbage-first heap   total 171008K, used 139159K [0x0000000081000000, 0x0000000100000000)
  region size 1024K, 93 young (95232K), 3 survivors (3072K)
 Metaspace       used 36075K, committed 36416K, reserved 1081344K
  class space    used 4691K, committed 4864K, reserved 1048576K
}
Event: 54.608 GC heap after
{Heap after GC invocations=23 (full 0):
 garbage-first heap   total 171008K, used 65368K [0x0000000081000000, 0x0000000100000000)
  region size 1024K, 13 young (13312K), 13 survivors (13312K)
 Metaspace       used 36075K, committed 36416K, reserved 1081344K
  class space    used 4691K, committed 4864K, reserved 1048576K
}
Event: 54.630 GC heap before
{Heap before GC invocations=23 (full 0):
 garbage-first heap   total 171008K, used 65368K [0x0000000081000000, 0x0000000100000000)
  region size 1024K, 14 young (14336K), 13 survivors (13312K)
 Metaspace       used 36110K, committed 36480K, reserved 1081344K
  class space    used 4698K, committed 4864K, reserved 1048576K
}
Event: 54.655 GC heap after
{Heap after GC invocations=24 (full 0):
 garbage-first heap   total 171008K, used 66394K [0x0000000081000000, 0x0000000100000000)
  region size 1024K, 1 young (1024K), 1 survivors (1024K)
 Metaspace       used 36110K, committed 36480K, reserved 1081344K
  class space    used 4698K, committed 4864K, reserved 1048576K
}
Event: 55.039 GC heap before
{Heap before GC invocations=24 (full 0):
 garbage-first heap   total 171008K, used 127834K [0x0000000081000000, 0x0000000100000000)
  region size 1024K, 62 young (63488K), 1 survivors (1024K)
 Metaspace       used 36190K, committed 36544K, reserved 1081344K
  class space    used 4712K, committed 4864K, reserved 1048576K
}
Event: 55.044 GC heap after
{Heap after GC invocations=25 (full 0):
 garbage-first heap   total 171008K, used 68325K [0x0000000081000000, 0x0000000100000000)
  region size 1024K, 3 young (3072K), 3 survivors (3072K)
 Metaspace       used 36190K, committed 36544K, reserved 1081344K
  class space    used 4712K, committed 4864K, reserved 1048576K
}
Event: 55.569 GC heap before
{Heap before GC invocations=25 (full 0):
 garbage-first heap   total 171008K, used 129765K [0x0000000081000000, 0x0000000100000000)
  region size 1024K, 64 young (65536K), 3 survivors (3072K)
 Metaspace       used 36290K, committed 36608K, reserved 1081344K
  class space    used 4732K, committed 4864K, reserved 1048576K
}
Event: 55.573 GC heap after
{Heap after GC invocations=26 (full 0):
 garbage-first heap   total 171008K, used 70622K [0x0000000081000000, 0x0000000100000000)
  region size 1024K, 6 young (6144K), 6 survivors (6144K)
 Metaspace       used 36290K, committed 36608K, reserved 1081344K
  class space    used 4732K, committed 4864K, reserved 1048576K
}
Event: 55.733 GC heap before
{Heap before GC invocations=26 (full 0):
 garbage-first heap   total 171008K, used 133086K [0x0000000081000000, 0x0000000100000000)
  region size 1024K, 68 young (69632K), 6 survivors (6144K)
 Metaspace       used 36315K, committed 36608K, reserved 1081344K
  class space    used 4735K, committed 4864K, reserved 1048576K
}
Event: 55.738 GC heap after
{Heap after GC invocations=27 (full 0):
 garbage-first heap   total 171008K, used 73882K [0x0000000081000000, 0x0000000100000000)
  region size 1024K, 6 young (6144K), 6 survivors (6144K)
 Metaspace       used 36315K, committed 36608K, reserved 1081344K
  class space    used 4735K, committed 4864K, reserved 1048576K
}
Event: 55.981 GC heap before
{Heap before GC invocations=27 (full 0):
 garbage-first heap   total 171008K, used 136346K [0x0000000081000000, 0x0000000100000000)
  region size 1024K, 68 young (69632K), 6 survivors (6144K)
 Metaspace       used 36315K, committed 36608K, reserved 1081344K
  class space    used 4735K, committed 4864K, reserved 1048576K
}
Event: 55.986 GC heap after
{Heap after GC invocations=28 (full 0):
 garbage-first heap   total 171008K, used 75705K [0x0000000081000000, 0x0000000100000000)
  region size 1024K, 5 young (5120K), 5 survivors (5120K)
 Metaspace       used 36315K, committed 36608K, reserved 1081344K
  class space    used 4735K, committed 4864K, reserved 1048576K
}
Event: 59.651 GC heap before
{Heap before GC invocations=28 (full 0):
 garbage-first heap   total 171008K, used 138169K [0x0000000081000000, 0x0000000100000000)
  region size 1024K, 67 young (68608K), 5 survivors (5120K)
 Metaspace       used 36315K, committed 36608K, reserved 1081344K
  class space    used 4735K, committed 4864K, reserved 1048576K
}

