# JRE version: OpenJDK Runtime Environment Temurin-17.0.4.1+1 (17.0.4.1+1) (build 17.0.4.1+1)
# Java VM: OpenJDK 64-Bit Server VM Temurin-17.0.4.1+1 (17.0.4.1+1, mixed mode, tiered, compressed oops, compressed class ptrs, parallel gc, windows-amd64)
GC Precious Log:
 CPUs: 4 total, 4 available
 Memory: 8126M
 Large Page Support: Disabled
 NUMA Support: Disabled
 Compressed Oops: Enabled (32-bit)
 Alignments: Space 512K, Generation 512K, Heap 2M
 Heap Min Capacity: 100M
 Heap Initial Capacity: 100M
 Heap Max Capacity: 1G
 Pre-touch: Disabled
 Parallel Workers: 4
Heap:
 PSYoungGen      total 20480K, used 3540K [0x00000000eab00000, 0x00000000ec300000, 0x0000000100000000)
  eden space 18432K, 10% used [0x00000000eab00000,0x00000000eace5158,0x00000000ebd00000)
  from space 2048K, 78% used [0x00000000ec100000,0x00000000ec290000,0x00000000ec300000)
  to   space 2560K, 0% used [0x00000000ebe00000,0x00000000ebe00000,0x00000000ec080000)
 ParOldGen       total 68608K, used 45089K [0x00000000c0000000, 0x00000000c4300000, 0x00000000eab00000)
  object space 68608K, 65% used [0x00000000c0000000,0x00000000c2c087a0,0x00000000c4300000)
 Metaspace       used 62180K, committed 63232K, reserved 1105920K
  class space    used 6567K, committed 7040K, reserved 1048576K
GC Heap History (20 events):
Event: 71.455 GC heap before
{Heap before GC invocations=30 (full 2):
 PSYoungGen      total 22528K, used 22272K [0x00000000eab00000, 0x00000000ec300000, 0x0000000100000000)
  eden space 22016K, 100% used [0x00000000eab00000,0x00000000ec080000,0x00000000ec080000)
  from space 512K, 50% used [0x00000000ec080000,0x00000000ec0c0000,0x00000000ec100000)
  to   space 512K, 0% used [0x00000000ec280000,0x00000000ec280000,0x00000000ec300000)
 ParOldGen       total 68608K, used 38172K [0x00000000c0000000, 0x00000000c4300000, 0x00000000eab00000)
  object space 68608K, 55% used [0x00000000c0000000,0x00000000c2547390,0x00000000c4300000)
 Metaspace       used 57416K, committed 58432K, reserved 1105920K
  class space    used 6174K, committed 6656K, reserved 1048576K
}
Event: 71.457 GC heap after
{Heap after GC invocations=30 (full 2):
 PSYoungGen      total 22528K, used 494K [0x00000000eab00000, 0x00000000ec480000, 0x0000000100000000)
  eden space 22016K, 0% used [0x00000000eab00000,0x00000000eab00000,0x00000000ec080000)
  from space 512K, 96% used [0x00000000ec280000,0x00000000ec2fbb00,0x00000000ec300000)
  to   space 2048K, 0% used [0x00000000ec080000,0x00000000ec080000,0x00000000ec280000)
 ParOldGen       total 68608K, used 39103K [0x00000000c0000000, 0x00000000c4300000, 0x00000000eab00000)
  object space 68608K, 56% used [0x00000000c0000000,0x00000000c262fed8,0x00000000c4300000)
 Metaspace       used 57416K, committed 58432K, reserved 1105920K
  class space    used 6174K, committed 6656K, reserved 1048576K
}
Event: 71.731 GC heap before
{Heap before GC invocations=31 (full 2):
 PSYoungGen      total 22528K, used 22510K [0x00000000eab00000, 0x00000000ec480000, 0x0000000100000000)
  eden space 22016K, 100% used [0x00000000eab00000,0x00000000ec080000,0x00000000ec080000)
  from space 512K, 96% used [0x00000000ec280000,0x00000000ec2fbb00,0x00000000ec300000)
  to   space 2048K, 0% used [0x00000000ec080000,0x00000000ec080000,0x00000000ec280000)
 ParOldGen       total 68608K, used 39103K [0x00000000c0000000, 0x00000000c4300000, 0x00000000eab00000)
  object space 68608K, 56% used [0x00000000c0000000,0x00000000c262fed8,0x00000000c4300000)
 Metaspace       used 57840K, committed 58880K, reserved 1105920K
  class space    used 6208K, committed 6656K, reserved 1048576K
}
Event: 71.734 GC heap after
{Heap after GC invocations=31 (full 2):
 PSYoungGen      total 24064K, used 1774K [0x00000000eab00000, 0x00000000ec480000, 0x0000000100000000)
  eden space 22016K, 0% used [0x00000000eab00000,0x00000000eab00000,0x00000000ec080000)
  from space 2048K, 86% used [0x00000000ec080000,0x00000000ec23b948,0x00000000ec280000)
  to   space 2048K, 0% used [0x00000000ec280000,0x00000000ec280000,0x00000000ec480000)
 ParOldGen       total 68608K, used 39604K [0x00000000c0000000, 0x00000000c4300000, 0x00000000eab00000)
  object space 68608K, 57% used [0x00000000c0000000,0x00000000c26ad160,0x00000000c4300000)
 Metaspace       used 57840K, committed 58880K, reserved 1105920K
  class space    used 6208K, committed 6656K, reserved 1048576K
}
Event: 71.821 GC heap before
{Heap before GC invocations=32 (full 2):
 PSYoungGen      total 24064K, used 19038K [0x00000000eab00000, 0x00000000ec480000, 0x0000000100000000)
  eden space 22016K, 78% used [0x00000000eab00000,0x00000000ebbdc258,0x00000000ec080000)
  from space 2048K, 86% used [0x00000000ec080000,0x00000000ec23b948,0x00000000ec280000)
  to   space 2048K, 0% used [0x00000000ec280000,0x00000000ec280000,0x00000000ec480000)
 ParOldGen       total 68608K, used 39604K [0x00000000c0000000, 0x00000000c4300000, 0x00000000eab00000)
  object space 68608K, 57% used [0x00000000c0000000,0x00000000c26ad160,0x00000000c4300000)
 Metaspace       used 58801K, committed 59776K, reserved 1105920K
  class space    used 6293K, committed 6720K, reserved 1048576K
}
Event: 71.823 GC heap after
{Heap after GC invocations=32 (full 2):
 PSYoungGen      total 22528K, used 32K [0x00000000eab00000, 0x00000000ec300000, 0x0000000100000000)
  eden space 22016K, 0% used [0x00000000eab00000,0x00000000eab00000,0x00000000ec080000)
  from space 512K, 6% used [0x00000000ec280000,0x00000000ec288000,0x00000000ec300000)
  to   space 1024K, 0% used [0x00000000ec100000,0x00000000ec100000,0x00000000ec200000)
 ParOldGen       total 68608K, used 40162K [0x00000000c0000000, 0x00000000c4300000, 0x00000000eab00000)
  object space 68608K, 58% used [0x00000000c0000000,0x00000000c2738b08,0x00000000c4300000)
 Metaspace       used 58801K, committed 59776K, reserved 1105920K
  class space    used 6293K, committed 6720K, reserved 1048576K
}
Event: 71.823 GC heap before
{Heap before GC invocations=33 (full 3):
 PSYoungGen      total 22528K, used 32K [0x00000000eab00000, 0x00000000ec300000, 0x0000000100000000)
  eden space 22016K, 0% used [0x00000000eab00000,0x00000000eab00000,0x00000000ec080000)
  from space 512K, 6% used [0x00000000ec280000,0x00000000ec288000,0x00000000ec300000)
  to   space 1024K, 0% used [0x00000000ec100000,0x00000000ec100000,0x00000000ec200000)
 ParOldGen       total 68608K, used 40162K [0x00000000c0000000, 0x00000000c4300000, 0x00000000eab00000)
  object space 68608K, 58% used [0x00000000c0000000,0x00000000c2738b08,0x00000000c4300000)
 Metaspace       used 58801K, committed 59776K, reserved 1105920K
  class space    used 6293K, committed 6720K, reserved 1048576K
}
Event: 71.938 GC heap after
{Heap after GC invocations=33 (full 3):
 PSYoungGen      total 22528K, used 0K [0x00000000eab00000, 0x00000000ec300000, 0x0000000100000000)
  eden space 22016K, 0% used [0x00000000eab00000,0x00000000eab00000,0x00000000ec080000)
  from space 512K, 0% used [0x00000000ec280000,0x00000000ec280000,0x00000000ec300000)
  to   space 1024K, 0% used [0x00000000ec100000,0x00000000ec100000,0x00000000ec200000)
 ParOldGen       total 68608K, used 38210K [0x00000000c0000000, 0x00000000c4300000, 0x00000000eab00000)
  object space 68608K, 55% used [0x00000000c0000000,0x00000000c2550a18,0x00000000c4300000)
 Metaspace       used 58801K, committed 59776K, reserved 1105920K
  class space    used 6293K, committed 6720K, reserved 1048576K
}
Event: 72.042 GC heap before
{Heap before GC invocations=34 (full 3):
 PSYoungGen      total 22528K, used 22016K [0x00000000eab00000, 0x00000000ec300000, 0x0000000100000000)
  eden space 22016K, 100% used [0x00000000eab00000,0x00000000ec080000,0x00000000ec080000)
  from space 512K, 0% used [0x00000000ec280000,0x00000000ec280000,0x00000000ec300000)
  to   space 1024K, 0% used [0x00000000ec100000,0x00000000ec100000,0x00000000ec200000)
 ParOldGen       total 68608K, used 38210K [0x00000000c0000000, 0x00000000c4300000, 0x00000000eab00000)
  object space 68608K, 55% used [0x00000000c0000000,0x00000000c2550a18,0x00000000c4300000)
 Metaspace       used 59429K, committed 60480K, reserved 1105920K
  class space    used 6351K, committed 6848K, reserved 1048576K
}
Event: 72.043 GC heap after
{Heap after GC invocations=34 (full 3):
 PSYoungGen      total 23040K, used 1011K [0x00000000eab00000, 0x00000000ec480000, 0x0000000100000000)
  eden space 22016K, 0% used [0x00000000eab00000,0x00000000eab00000,0x00000000ec080000)
  from space 1024K, 98% used [0x00000000ec100000,0x00000000ec1fce50,0x00000000ec200000)
  to   space 2048K, 0% used [0x00000000ec280000,0x00000000ec280000,0x00000000ec480000)
 ParOldGen       total 68608K, used 38631K [0x00000000c0000000, 0x00000000c4300000, 0x00000000eab00000)
  object space 68608K, 56% used [0x00000000c0000000,0x00000000c25b9fe0,0x00000000c4300000)
 Metaspace       used 59429K, committed 60480K, reserved 1105920K
  class space    used 6351K, committed 6848K, reserved 1048576K
}
Event: 72.143 GC heap before
{Heap before GC invocations=35 (full 3):
 PSYoungGen      total 23040K, used 23027K [0x00000000eab00000, 0x00000000ec480000, 0x0000000100000000)
  eden space 22016K, 100% used [0x00000000eab00000,0x00000000ec080000,0x00000000ec080000)
  from space 1024K, 98% used [0x00000000ec100000,0x00000000ec1fce50,0x00000000ec200000)
  to   space 2048K, 0% used [0x00000000ec280000,0x00000000ec280000,0x00000000ec480000)
 ParOldGen       total 68608K, used 38631K [0x00000000c0000000, 0x00000000c4300000, 0x00000000eab00000)
  object space 68608K, 56% used [0x00000000c0000000,0x00000000c25b9fe0,0x00000000c4300000)
 Metaspace       used 59439K, committed 60480K, reserved 1105920K
  class space    used 6351K, committed 6848K, reserved 1048576K
}
Event: 72.145 GC heap after
{Heap after GC invocations=35 (full 3):
 PSYoungGen      total 20480K, used 2033K [0x00000000eab00000, 0x00000000ecb80000, 0x0000000100000000)
  eden space 18432K, 0% used [0x00000000eab00000,0x00000000eab00000,0x00000000ebd00000)
  from space 2048K, 99% used [0x00000000ec280000,0x00000000ec47c4e8,0x00000000ec480000)
  to   space 5632K, 0% used [0x00000000ebd00000,0x00000000ebd00000,0x00000000ec280000)
 ParOldGen       total 68608K, used 41180K [0x00000000c0000000, 0x00000000c4300000, 0x00000000eab00000)
  object space 68608K, 60% used [0x00000000c0000000,0x00000000c28373c8,0x00000000c4300000)
 Metaspace       used 59439K, committed 60480K, reserved 1105920K
  class space    used 6351K, committed 6848K, reserved 1048576K
}
Event: 76.754 GC heap before
{Heap before GC invocations=36 (full 3):
 PSYoungGen      total 20480K, used 20465K [0x00000000eab00000, 0x00000000ecb80000, 0x0000000100000000)
  eden space 18432K, 99% used [0x00000000eab00000,0x00000000ebcffff8,0x00000000ebd00000)
  from space 2048K, 99% used [0x00000000ec280000,0x00000000ec47c4e8,0x00000000ec480000)
  to   space 5632K, 0% used [0x00000000ebd00000,0x00000000ebd00000,0x00000000ec280000)
 ParOldGen       total 68608K, used 41180K [0x00000000c0000000, 0x00000000c4300000, 0x00000000eab00000)
  object space 68608K, 60% used [0x00000000c0000000,0x00000000c28373c8,0x00000000c4300000)
 Metaspace       used 60180K, committed 61120K, reserved 1105920K
  class space    used 6398K, committed 6848K, reserved 1048576K
}
Event: 76.756 GC heap after
{Heap after GC invocations=36 (full 3):
 PSYoungGen      total 19456K, used 704K [0x00000000eab00000, 0x00000000ec300000, 0x0000000100000000)
  eden space 18432K, 0% used [0x00000000eab00000,0x00000000eab00000,0x00000000ebd00000)
  from space 1024K, 68% used [0x00000000ebd00000,0x00000000ebdb00f8,0x00000000ebe00000)
  to   space 2560K, 0% used [0x00000000ec080000,0x00000000ec080000,0x00000000ec300000)
 ParOldGen       total 68608K, used 41372K [0x00000000c0000000, 0x00000000c4300000, 0x00000000eab00000)
  object space 68608K, 60% used [0x00000000c0000000,0x00000000c28673c8,0x00000000c4300000)
 Metaspace       used 60180K, committed 61120K, reserved 1105920K
  class space    used 6398K, committed 6848K, reserved 1048576K
}
Event: 78.121 GC heap before
{Heap before GC invocations=37 (full 3):
 PSYoungGen      total 19456K, used 19134K [0x00000000eab00000, 0x00000000ec300000, 0x0000000100000000)
  eden space 18432K, 99% used [0x00000000eab00000,0x00000000ebcff948,0x00000000ebd00000)
  from space 1024K, 68% used [0x00000000ebd00000,0x00000000ebdb00f8,0x00000000ebe00000)
  to   space 2560K, 0% used [0x00000000ec080000,0x00000000ec080000,0x00000000ec300000)
 ParOldGen       total 68608K, used 41372K [0x00000000c0000000, 0x00000000c4300000, 0x00000000eab00000)
  object space 68608K, 60% used [0x00000000c0000000,0x00000000c28673c8,0x00000000c4300000)
 Metaspace       used 61675K, committed 62720K, reserved 1105920K
  class space    used 6544K, committed 7040K, reserved 1048576K
}
Event: 78.123 GC heap after
{Heap after GC invocations=37 (full 3):
 PSYoungGen      total 19968K, used 1472K [0x00000000eab00000, 0x00000000ec200000, 0x0000000100000000)
  eden space 18432K, 0% used [0x00000000eab00000,0x00000000eab00000,0x00000000ebd00000)
  from space 1536K, 95% used [0x00000000ec080000,0x00000000ec1f0000,0x00000000ec200000)
  to   space 2048K, 0% used [0x00000000ebe00000,0x00000000ebe00000,0x00000000ec000000)
 ParOldGen       total 68608K, used 42005K [0x00000000c0000000, 0x00000000c4300000, 0x00000000eab00000)
  object space 68608K, 61% used [0x00000000c0000000,0x00000000c2905780,0x00000000c4300000)
 Metaspace       used 61675K, committed 62720K, reserved 1105920K
  class space    used 6544K, committed 7040K, reserved 1048576K
}
Event: 81.404 GC heap before
{Heap before GC invocations=38 (full 3):
 PSYoungGen      total 19968K, used 19904K [0x00000000eab00000, 0x00000000ec200000, 0x0000000100000000)
  eden space 18432K, 100% used [0x00000000eab00000,0x00000000ebd00000,0x00000000ebd00000)
  from space 1536K, 95% used [0x00000000ec080000,0x00000000ec1f0000,0x00000000ec200000)
  to   space 2048K, 0% used [0x00000000ebe00000,0x00000000ebe00000,0x00000000ec000000)
 ParOldGen       total 68608K, used 42005K [0x00000000c0000000, 0x00000000c4300000, 0x00000000eab00000)
  object space 68608K, 61% used [0x00000000c0000000,0x00000000c2905780,0x00000000c4300000)
 Metaspace       used 61857K, committed 62912K, reserved 1105920K
  class space    used 6546K, committed 7040K, reserved 1048576K
}
Event: 81.408 GC heap after
{Heap after GC invocations=38 (full 3):
 PSYoungGen      total 20480K, used 2048K [0x00000000eab00000, 0x00000000ec500000, 0x0000000100000000)
  eden space 18432K, 0% used [0x00000000eab00000,0x00000000eab00000,0x00000000ebd00000)
  from space 2048K, 100% used [0x00000000ebe00000,0x00000000ec000000,0x00000000ec000000)
  to   space 4096K, 0% used [0x00000000ec100000,0x00000000ec100000,0x00000000ec500000)
 ParOldGen       total 68608K, used 43353K [0x00000000c0000000, 0x00000000c4300000, 0x00000000eab00000)
  object space 68608K, 63% used [0x00000000c0000000,0x00000000c2a56790,0x00000000c4300000)
 Metaspace       used 61857K, committed 62912K, reserved 1105920K
  class space    used 6546K, committed 7040K, reserved 1048576K
}
Event: 82.056 GC heap before
{Heap before GC invocations=39 (full 3):
 PSYoungGen      total 20480K, used 20480K [0x00000000eab00000, 0x00000000ec500000, 0x0000000100000000)
  eden space 18432K, 100% used [0x00000000eab00000,0x00000000ebd00000,0x00000000ebd00000)
  from space 2048K, 100% used [0x00000000ebe00000,0x00000000ec000000,0x00000000ec000000)
  to   space 4096K, 0% used [0x00000000ec100000,0x00000000ec100000,0x00000000ec500000)
 ParOldGen       total 68608K, used 43353K [0x00000000c0000000, 0x00000000c4300000, 0x00000000eab00000)
  object space 68608K, 63% used [0x00000000c0000000,0x00000000c2a56790,0x00000000c4300000)
 Metaspace       used 62164K, committed 63232K, reserved 1105920K
  class space    used 6566K, committed 7040K, reserved 1048576K
}
Event: 82.068 GC heap after
{Heap after GC invocations=39 (full 3):
 PSYoungGen      total 20480K, used 1600K [0x00000000eab00000, 0x00000000ec300000, 0x0000000100000000)
  eden space 18432K, 0% used [0x00000000eab00000,0x00000000eab00000,0x00000000ebd00000)
  from space 2048K, 78% used [0x00000000ec100000,0x00000000ec290000,0x00000000ec300000)
  to   space 2560K, 0% used [0x00000000ebe00000,0x00000000ebe00000,0x00000000ec080000)
 ParOldGen       total 68608K, used 45089K [0x00000000c0000000, 0x00000000c4300000, 0x00000000eab00000)
  object space 68608K, 65% used [0x00000000c0000000,0x00000000c2c087a0,0x00000000c4300000)
 Metaspace       used 62164K, committed 63232K, reserved 1105920K
  class space    used 6566K, committed 7040K, reserved 1048576K
}

